<?xml version="1.0" encoding="UTF-8"?>
<!-- Generated by org.testng.reporters.JUnitReportReporter -->
<testsuite skipped="0" hostname="DESKTOP-BMSFG04" name="testpackage.TestActiTimeInvalidLogin" tests="1" failures="0" timestamp="2022-11-16T12:09:35 IST" time="37.038" errors="0">
  <testcase name="invalidLoginToActiTime" time="37.038" classname="testpackage.TestActiTimeInvalidLogin"/>
  <system-out>
    <![CDATA[The test has been Started]]>
  </system-out>
</testsuite> <!-- testpackage.TestActiTimeInvalidLogin -->
