<?xml version="1.0" encoding="UTF-8"?>
<!-- Generated by org.testng.reporters.JUnitReportReporter -->
<testsuite skipped="0" hostname="DESKTOP-BMSFG04" name="testpackage.TestActiTimeValidLogin" tests="1" failures="0" timestamp="2022-11-16T12:09:35 IST" time="33.941" errors="0">
  <testcase name="textValidLogin" time="33.941" classname="testpackage.TestActiTimeValidLogin"/>
  <system-out>
    <![CDATA[The test has been Started]]>
  </system-out>
</testsuite> <!-- testpackage.TestActiTimeValidLogin -->
